C:\USERS\ADMINISTRATOR\DESKTOP\HSLIMITFORID\DEBUG\HST2SDK.DLL
C:\Users\Administrator\Desktop\HsLimitForId\Debug\HsT2sdk.exp
C:\USERS\ADMINISTRATOR\DESKTOP\HSLIMITFORID\DEBUG\HST2SDK.ILK
C:\Users\Administrator\Desktop\HsLimitForId\Debug\HsT2sdk.lib
C:\USERS\ADMINISTRATOR\DESKTOP\HSLIMITFORID\DEBUG\HST2SDK.PDB
C:\USERS\ADMINISTRATOR\DESKTOP\HSLIMITFORID\HST2SDK\DEBUG\APIMAIN.OBJ
C:\Users\Administrator\Desktop\HsLimitForId\HsT2sdk\Debug\cl.command.1.tlog
C:\Users\Administrator\Desktop\HsLimitForId\HsT2sdk\Debug\CL.read.1.tlog
C:\Users\Administrator\Desktop\HsLimitForId\HsT2sdk\Debug\CL.write.1.tlog
C:\USERS\ADMINISTRATOR\DESKTOP\HSLIMITFORID\HST2SDK\DEBUG\DLLMAIN.OBJ
C:\USERS\ADMINISTRATOR\DESKTOP\HSLIMITFORID\HST2SDK\DEBUG\HST2SDK.DLL.EMBED.MANIFEST
C:\USERS\ADMINISTRATOR\DESKTOP\HSLIMITFORID\HST2SDK\DEBUG\HST2SDK.DLL.EMBED.MANIFEST.RES
C:\USERS\ADMINISTRATOR\DESKTOP\HSLIMITFORID\HST2SDK\DEBUG\HST2SDK.DLL.INTERMEDIATE.MANIFEST
C:\USERS\ADMINISTRATOR\DESKTOP\HSLIMITFORID\HST2SDK\DEBUG\HST2SDK.OBJ
C:\USERS\ADMINISTRATOR\DESKTOP\HSLIMITFORID\HST2SDK\DEBUG\HST2SDK.PCH
C:\Users\Administrator\Desktop\HsLimitForId\HsT2sdk\Debug\HsT2sdk.write.1.tlog
C:\Users\Administrator\Desktop\HsLimitForId\HsT2sdk\Debug\HsT2sdk_manifest.rc
C:\Users\Administrator\Desktop\HsLimitForId\HsT2sdk\Debug\link.11484.read.1.tlog
C:\Users\Administrator\Desktop\HsLimitForId\HsT2sdk\Debug\link.11484.write.1.tlog
C:\Users\Administrator\Desktop\HsLimitForId\HsT2sdk\Debug\link.11484-cvtres.read.1.tlog
C:\Users\Administrator\Desktop\HsLimitForId\HsT2sdk\Debug\link.11484-cvtres.write.1.tlog
C:\Users\Administrator\Desktop\HsLimitForId\HsT2sdk\Debug\link.35960.read.1.tlog
C:\Users\Administrator\Desktop\HsLimitForId\HsT2sdk\Debug\link.35960.write.1.tlog
C:\Users\Administrator\Desktop\HsLimitForId\HsT2sdk\Debug\link.35960-cvtres.read.1.tlog
C:\Users\Administrator\Desktop\HsLimitForId\HsT2sdk\Debug\link.35960-cvtres.write.1.tlog
C:\Users\Administrator\Desktop\HsLimitForId\HsT2sdk\Debug\link.command.1.tlog
C:\Users\Administrator\Desktop\HsLimitForId\HsT2sdk\Debug\link.read.1.tlog
C:\Users\Administrator\Desktop\HsLimitForId\HsT2sdk\Debug\link.write.1.tlog
C:\Users\Administrator\Desktop\HsLimitForId\HsT2sdk\Debug\link-cvtres.read.1.tlog
C:\Users\Administrator\Desktop\HsLimitForId\HsT2sdk\Debug\link-cvtres.write.1.tlog
C:\Users\Administrator\Desktop\HsLimitForId\HsT2sdk\Debug\mt.command.1.tlog
C:\Users\Administrator\Desktop\HsLimitForId\HsT2sdk\Debug\mt.read.1.tlog
C:\Users\Administrator\Desktop\HsLimitForId\HsT2sdk\Debug\mt.write.1.tlog
C:\Users\Administrator\Desktop\HsLimitForId\HsT2sdk\Debug\rc.command.1.tlog
C:\Users\Administrator\Desktop\HsLimitForId\HsT2sdk\Debug\rc.read.1.tlog
C:\Users\Administrator\Desktop\HsLimitForId\HsT2sdk\Debug\rc.write.1.tlog
C:\USERS\ADMINISTRATOR\DESKTOP\HSLIMITFORID\HST2SDK\DEBUG\STDAFX.OBJ
C:\Users\Administrator\Desktop\HsLimitForId\HsT2sdk\Debug\vc100.idb
C:\USERS\ADMINISTRATOR\DESKTOP\HSLIMITFORID\HST2SDK\DEBUG\VC100.PDB
